2023-09-18 13:54:58.786 [info] Log level: Info
2023-09-18 13:54:58.787 [info] Validating found git in: "git"
2023-09-18 13:54:58.787 [info] Using git "2.34.1" from "git"
2023-09-18 13:54:58.787 [info] > git rev-parse --show-toplevel [22ms]
2023-09-18 13:54:58.787 [info] > git rev-parse --git-dir --git-common-dir [30ms]
2023-09-18 13:54:58.787 [info] Open repository: /home/user/webpages_tech/demo_tech_educators
2023-09-18 13:54:58.788 [info] > git rev-parse --show-toplevel [91ms]
2023-09-18 13:54:58.788 [info] > git config --get commit.template [162ms]
2023-09-18 13:54:58.788 [info] > git rev-parse --git-dir --git-common-dir [39ms]
2023-09-18 13:54:58.788 [info] Open repository: /home/user/webpages_tech/demo_tech_educators/delete_now
2023-09-18 13:54:58.788 [info] > git config --get commit.template [69ms]
2023-09-18 13:54:58.788 [info] > git for-each-ref --format=%(refname)%00%(upstream:short)%00%(objectname)%00%(upstream:track)%00%(upstream:remotename)%00%(upstream:remoteref) refs/heads/main refs/remotes/main [122ms]
2023-09-18 13:54:58.788 [info] > git status -z -uall [117ms]
2023-09-18 13:54:58.788 [info] > git rev-parse --show-toplevel [241ms]
2023-09-18 13:54:58.788 [info] > git rev-parse --show-toplevel [763ms]
2023-09-18 13:54:58.788 [info] > git config --get commit.template [801ms]
2023-09-18 13:54:58.788 [info] > git for-each-ref --format=%(refname)%00%(upstream:short)%00%(objectname)%00%(upstream:track)%00%(upstream:remotename)%00%(upstream:remoteref) refs/heads/main refs/remotes/main [821ms]
2023-09-18 13:54:58.788 [info] > git status -z -uall [572ms]
2023-09-18 13:54:58.789 [info] > git config --get commit.template [70ms]
2023-09-18 13:54:58.789 [info] > git for-each-ref --format=%(refname)%00%(upstream:short)%00%(objectname)%00%(upstream:track)%00%(upstream:remotename)%00%(upstream:remoteref) refs/heads/main refs/remotes/main [169ms]
2023-09-18 13:54:58.789 [info] > git check-ignore -v -z --stdin [114ms]
2023-09-18 13:54:58.789 [info] > git check-ignore -v -z --stdin [82ms]
2023-09-18 13:54:59.005 [info] > git status -z -uall [230ms]
2023-09-18 13:54:59.048 [info] > git for-each-ref --format=%(refname)%00%(upstream:short)%00%(objectname)%00%(upstream:track)%00%(upstream:remotename)%00%(upstream:remoteref) refs/heads/main refs/remotes/main [224ms]
2023-09-18 13:54:59.793 [info] > git status -z -uall [733ms]
2023-09-18 13:55:00.816 [info] > git show --textconv :index.html [933ms]
2023-09-18 13:55:00.825 [info] > git ls-files --stage -- /home/user/webpages_tech/demo_tech_educators/index.html [895ms]
2023-09-18 13:55:03.804 [info] > git config --get commit.template [11ms]
2023-09-18 13:55:03.807 [info] > git for-each-ref --format=%(refname)%00%(upstream:short)%00%(objectname)%00%(upstream:track)%00%(upstream:remotename)%00%(upstream:remoteref) refs/heads/main refs/remotes/main [4ms]
2023-09-18 13:55:03.822 [info] > git status -z -uall [6ms]
2023-09-18 13:56:01.101 [info] > git config --get commit.template [25ms]
2023-09-18 13:56:01.104 [info] > git for-each-ref --format=%(refname)%00%(upstream:short)%00%(objectname)%00%(upstream:track)%00%(upstream:remotename)%00%(upstream:remoteref) refs/heads/main refs/remotes/main [18ms]
2023-09-18 13:56:01.143 [info] > git status -z -uall [27ms]
2023-09-18 13:56:06.295 [info] > git config --get commit.template [19ms]
2023-09-18 13:56:06.299 [info] > git for-each-ref --format=%(refname)%00%(upstream:short)%00%(objectname)%00%(upstream:track)%00%(upstream:remotename)%00%(upstream:remoteref) refs/heads/main refs/remotes/main [5ms]
2023-09-18 13:56:06.313 [info] > git status -z -uall [8ms]
2023-09-18 13:56:11.387 [info] > git config --get commit.template [17ms]
2023-09-18 13:56:11.402 [info] > git for-each-ref --format=%(refname)%00%(upstream:short)%00%(objectname)%00%(upstream:track)%00%(upstream:remotename)%00%(upstream:remoteref) refs/heads/main refs/remotes/main [16ms]
2023-09-18 13:56:11.423 [info] > git status -z -uall [13ms]
2023-09-18 13:56:16.511 [info] > git config --get commit.template [13ms]
2023-09-18 13:56:16.515 [info] > git for-each-ref --format=%(refname)%00%(upstream:short)%00%(objectname)%00%(upstream:track)%00%(upstream:remotename)%00%(upstream:remoteref) refs/heads/main refs/remotes/main [6ms]
2023-09-18 13:56:16.535 [info] > git status -z -uall [7ms]
2023-09-18 13:56:20.893 [info] > git show --textconv :style.css [37ms]
2023-09-18 13:56:20.898 [info] > git ls-files --stage -- /home/user/webpages_tech/demo_tech_educators/style.css [6ms]
2023-09-18 13:56:21.572 [info] > git config --get commit.template [11ms]
2023-09-18 13:56:21.574 [info] > git for-each-ref --format=%(refname)%00%(upstream:short)%00%(objectname)%00%(upstream:track)%00%(upstream:remotename)%00%(upstream:remoteref) refs/heads/main refs/remotes/main [3ms]
2023-09-18 13:56:21.591 [info] > git status -z -uall [7ms]
2023-09-18 13:56:26.417 [info] > git show --textconv :app.js [53ms]
2023-09-18 13:56:26.441 [info] > git ls-files --stage -- /home/user/webpages_tech/demo_tech_educators/app.js [29ms]
2023-09-18 13:56:26.675 [info] > git config --get commit.template [20ms]
2023-09-18 13:56:26.691 [info] > git for-each-ref --format=%(refname)%00%(upstream:short)%00%(objectname)%00%(upstream:track)%00%(upstream:remotename)%00%(upstream:remoteref) refs/heads/main refs/remotes/main [18ms]
2023-09-18 13:56:26.719 [info] > git status -z -uall [14ms]
2023-09-18 13:56:31.909 [info] > git config --get commit.template [70ms]
2023-09-18 13:56:31.914 [info] > git for-each-ref --format=%(refname)%00%(upstream:short)%00%(objectname)%00%(upstream:track)%00%(upstream:remotename)%00%(upstream:remoteref) refs/heads/main refs/remotes/main [7ms]
2023-09-18 13:56:32.000 [info] > git status -z -uall [62ms]
2023-09-18 13:57:12.953 [info] > git config --get commit.template [40ms]
2023-09-18 13:57:12.962 [info] > git for-each-ref --format=%(refname)%00%(upstream:short)%00%(objectname)%00%(upstream:track)%00%(upstream:remotename)%00%(upstream:remoteref) refs/heads/main refs/remotes/main [9ms]
2023-09-18 13:57:13.016 [info] > git status -z -uall [25ms]
2023-09-18 13:57:18.084 [info] > git config --get commit.template [11ms]
2023-09-18 13:57:18.087 [info] > git for-each-ref --format=%(refname)%00%(upstream:short)%00%(objectname)%00%(upstream:track)%00%(upstream:remotename)%00%(upstream:remoteref) refs/heads/main refs/remotes/main [4ms]
2023-09-18 13:57:18.117 [info] > git status -z -uall [15ms]
2023-09-18 13:57:23.167 [info] > git config --get commit.template [8ms]
2023-09-18 13:57:23.172 [info] > git for-each-ref --format=%(refname)%00%(upstream:short)%00%(objectname)%00%(upstream:track)%00%(upstream:remotename)%00%(upstream:remoteref) refs/heads/main refs/remotes/main [5ms]
2023-09-18 13:57:23.184 [info] > git status -z -uall [4ms]
2023-09-18 13:57:28.226 [info] > git config --get commit.template [10ms]
2023-09-18 13:57:28.231 [info] > git for-each-ref --format=%(refname)%00%(upstream:short)%00%(objectname)%00%(upstream:track)%00%(upstream:remotename)%00%(upstream:remoteref) refs/heads/main refs/remotes/main [5ms]
2023-09-18 13:57:28.244 [info] > git status -z -uall [5ms]
2023-09-18 13:57:48.958 [info] > git config --get commit.template [39ms]
2023-09-18 13:57:49.106 [info] > git for-each-ref --format=%(refname)%00%(upstream:short)%00%(objectname)%00%(upstream:track)%00%(upstream:remotename)%00%(upstream:remoteref) refs/heads/main refs/remotes/main [55ms]
2023-09-18 13:57:49.153 [info] > git status -z -uall [27ms]
2023-09-18 13:57:54.265 [info] > git config --get commit.template [15ms]
2023-09-18 13:57:54.283 [info] > git for-each-ref --format=%(refname)%00%(upstream:short)%00%(objectname)%00%(upstream:track)%00%(upstream:remotename)%00%(upstream:remoteref) refs/heads/main refs/remotes/main [18ms]
2023-09-18 13:57:54.329 [info] > git status -z -uall [16ms]
2023-09-18 13:57:59.537 [info] > git config --get commit.template [15ms]
2023-09-18 13:57:59.540 [info] > git for-each-ref --format=%(refname)%00%(upstream:short)%00%(objectname)%00%(upstream:track)%00%(upstream:remotename)%00%(upstream:remoteref) refs/heads/main refs/remotes/main [3ms]
2023-09-18 13:57:59.555 [info] > git status -z -uall [4ms]
2023-09-18 13:58:04.591 [info] > git config --get commit.template [15ms]
2023-09-18 13:58:04.594 [info] > git for-each-ref --format=%(refname)%00%(upstream:short)%00%(objectname)%00%(upstream:track)%00%(upstream:remotename)%00%(upstream:remoteref) refs/heads/main refs/remotes/main [4ms]
2023-09-18 13:58:04.618 [info] > git status -z -uall [10ms]
2023-09-18 13:58:09.700 [info] > git config --get commit.template [16ms]
2023-09-18 13:58:09.707 [info] > git for-each-ref --format=%(refname)%00%(upstream:short)%00%(objectname)%00%(upstream:track)%00%(upstream:remotename)%00%(upstream:remoteref) refs/heads/main refs/remotes/main [9ms]
2023-09-18 13:58:09.734 [info] > git status -z -uall [14ms]
2023-09-18 13:58:14.821 [info] > git config --get commit.template [17ms]
2023-09-18 13:58:14.832 [info] > git for-each-ref --format=%(refname)%00%(upstream:short)%00%(objectname)%00%(upstream:track)%00%(upstream:remotename)%00%(upstream:remoteref) refs/heads/main refs/remotes/main [12ms]
2023-09-18 13:58:14.854 [info] > git status -z -uall [11ms]
2023-09-18 13:58:19.903 [info] > git config --get commit.template [8ms]
2023-09-18 13:58:19.905 [info] > git for-each-ref --format=%(refname)%00%(upstream:short)%00%(objectname)%00%(upstream:track)%00%(upstream:remotename)%00%(upstream:remoteref) refs/heads/main refs/remotes/main [3ms]
2023-09-18 13:58:19.918 [info] > git status -z -uall [5ms]
2023-09-18 13:58:24.953 [info] > git config --get commit.template [9ms]
2023-09-18 13:58:24.959 [info] > git for-each-ref --format=%(refname)%00%(upstream:short)%00%(objectname)%00%(upstream:track)%00%(upstream:remotename)%00%(upstream:remoteref) refs/heads/main refs/remotes/main [8ms]
2023-09-18 13:58:24.975 [info] > git status -z -uall [6ms]
2023-09-18 13:58:30.063 [info] > git config --get commit.template [10ms]
2023-09-18 13:58:30.065 [info] > git for-each-ref --format=%(refname)%00%(upstream:short)%00%(objectname)%00%(upstream:track)%00%(upstream:remotename)%00%(upstream:remoteref) refs/heads/main refs/remotes/main [3ms]
2023-09-18 13:58:30.081 [info] > git status -z -uall [6ms]
2023-09-18 13:58:35.156 [info] > git config --get commit.template [10ms]
2023-09-18 13:58:35.171 [info] > git for-each-ref --format=%(refname)%00%(upstream:short)%00%(objectname)%00%(upstream:track)%00%(upstream:remotename)%00%(upstream:remoteref) refs/heads/main refs/remotes/main [16ms]
2023-09-18 13:58:35.193 [info] > git status -z -uall [5ms]
2023-09-18 13:58:40.236 [info] > git config --get commit.template [12ms]
2023-09-18 13:58:40.240 [info] > git for-each-ref --format=%(refname)%00%(upstream:short)%00%(objectname)%00%(upstream:track)%00%(upstream:remotename)%00%(upstream:remoteref) refs/heads/main refs/remotes/main [4ms]
2023-09-18 13:58:40.257 [info] > git status -z -uall [7ms]
2023-09-18 13:58:45.382 [info] > git config --get commit.template [13ms]
2023-09-18 13:58:45.389 [info] > git for-each-ref --format=%(refname)%00%(upstream:short)%00%(objectname)%00%(upstream:track)%00%(upstream:remotename)%00%(upstream:remoteref) refs/heads/main refs/remotes/main [7ms]
2023-09-18 13:58:45.413 [info] > git status -z -uall [9ms]
2023-09-18 13:58:50.453 [info] > git config --get commit.template [11ms]
2023-09-18 13:58:50.459 [info] > git for-each-ref --format=%(refname)%00%(upstream:short)%00%(objectname)%00%(upstream:track)%00%(upstream:remotename)%00%(upstream:remoteref) refs/heads/main refs/remotes/main [7ms]
2023-09-18 13:58:50.475 [info] > git status -z -uall [6ms]
2023-09-18 13:58:55.518 [info] > git config --get commit.template [10ms]
2023-09-18 13:58:55.521 [info] > git for-each-ref --format=%(refname)%00%(upstream:short)%00%(objectname)%00%(upstream:track)%00%(upstream:remotename)%00%(upstream:remoteref) refs/heads/main refs/remotes/main [4ms]
2023-09-18 13:58:55.537 [info] > git status -z -uall [6ms]
2023-09-18 13:59:00.608 [info] > git config --get commit.template [27ms]
2023-09-18 13:59:00.611 [info] > git for-each-ref --format=%(refname)%00%(upstream:short)%00%(objectname)%00%(upstream:track)%00%(upstream:remotename)%00%(upstream:remoteref) refs/heads/main refs/remotes/main [4ms]
2023-09-18 13:59:00.640 [info] > git status -z -uall [7ms]
2023-09-18 13:59:05.707 [info] > git config --get commit.template [13ms]
2023-09-18 13:59:05.709 [info] > git for-each-ref --format=%(refname)%00%(upstream:short)%00%(objectname)%00%(upstream:track)%00%(upstream:remotename)%00%(upstream:remoteref) refs/heads/main refs/remotes/main [3ms]
2023-09-18 13:59:05.730 [info] > git status -z -uall [11ms]
2023-09-18 13:59:10.784 [info] > git config --get commit.template [18ms]
2023-09-18 13:59:10.787 [info] > git for-each-ref --format=%(refname)%00%(upstream:short)%00%(objectname)%00%(upstream:track)%00%(upstream:remotename)%00%(upstream:remoteref) refs/heads/main refs/remotes/main [4ms]
2023-09-18 13:59:10.804 [info] > git status -z -uall [7ms]
2023-09-18 13:59:15.835 [info] > git config --get commit.template [9ms]
2023-09-18 13:59:15.840 [info] > git for-each-ref --format=%(refname)%00%(upstream:short)%00%(objectname)%00%(upstream:track)%00%(upstream:remotename)%00%(upstream:remoteref) refs/heads/main refs/remotes/main [5ms]
2023-09-18 13:59:15.853 [info] > git status -z -uall [4ms]
2023-09-18 13:59:20.888 [info] > git config --get commit.template [9ms]
2023-09-18 13:59:20.891 [info] > git for-each-ref --format=%(refname)%00%(upstream:short)%00%(objectname)%00%(upstream:track)%00%(upstream:remotename)%00%(upstream:remoteref) refs/heads/main refs/remotes/main [5ms]
2023-09-18 13:59:20.905 [info] > git status -z -uall [5ms]
2023-09-18 13:59:25.955 [info] > git config --get commit.template [7ms]
2023-09-18 13:59:25.972 [info] > git for-each-ref --format=%(refname)%00%(upstream:short)%00%(objectname)%00%(upstream:track)%00%(upstream:remotename)%00%(upstream:remoteref) refs/heads/main refs/remotes/main [17ms]
2023-09-18 13:59:25.986 [info] > git status -z -uall [6ms]
2023-09-18 13:59:31.020 [info] > git config --get commit.template [10ms]
2023-09-18 13:59:31.024 [info] > git for-each-ref --format=%(refname)%00%(upstream:short)%00%(objectname)%00%(upstream:track)%00%(upstream:remotename)%00%(upstream:remoteref) refs/heads/main refs/remotes/main [5ms]
2023-09-18 13:59:31.036 [info] > git status -z -uall [5ms]
2023-09-18 13:59:36.069 [info] > git config --get commit.template [10ms]
2023-09-18 13:59:36.071 [info] > git for-each-ref --format=%(refname)%00%(upstream:short)%00%(objectname)%00%(upstream:track)%00%(upstream:remotename)%00%(upstream:remoteref) refs/heads/main refs/remotes/main [3ms]
2023-09-18 13:59:36.085 [info] > git status -z -uall [7ms]
2023-09-18 13:59:41.131 [info] > git config --get commit.template [10ms]
2023-09-18 13:59:41.134 [info] > git for-each-ref --format=%(refname)%00%(upstream:short)%00%(objectname)%00%(upstream:track)%00%(upstream:remotename)%00%(upstream:remoteref) refs/heads/main refs/remotes/main [4ms]
2023-09-18 13:59:41.149 [info] > git status -z -uall [5ms]
2023-09-18 13:59:46.192 [info] > git config --get commit.template [10ms]
2023-09-18 13:59:46.194 [info] > git for-each-ref --format=%(refname)%00%(upstream:short)%00%(objectname)%00%(upstream:track)%00%(upstream:remotename)%00%(upstream:remoteref) refs/heads/main refs/remotes/main [3ms]
2023-09-18 13:59:46.211 [info] > git status -z -uall [9ms]
2023-09-18 13:59:51.250 [info] > git config --get commit.template [8ms]
2023-09-18 13:59:51.255 [info] > git for-each-ref --format=%(refname)%00%(upstream:short)%00%(objectname)%00%(upstream:track)%00%(upstream:remotename)%00%(upstream:remoteref) refs/heads/main refs/remotes/main [6ms]
2023-09-18 13:59:51.271 [info] > git status -z -uall [8ms]
2023-09-18 13:59:56.301 [info] > git config --get commit.template [9ms]
2023-09-18 13:59:56.306 [info] > git for-each-ref --format=%(refname)%00%(upstream:short)%00%(objectname)%00%(upstream:track)%00%(upstream:remotename)%00%(upstream:remoteref) refs/heads/main refs/remotes/main [6ms]
2023-09-18 13:59:56.318 [info] > git status -z -uall [5ms]
2023-09-18 14:00:01.366 [info] > git config --get commit.template [11ms]
2023-09-18 14:00:01.369 [info] > git for-each-ref --format=%(refname)%00%(upstream:short)%00%(objectname)%00%(upstream:track)%00%(upstream:remotename)%00%(upstream:remoteref) refs/heads/main refs/remotes/main [4ms]
2023-09-18 14:00:01.385 [info] > git status -z -uall [7ms]
2023-09-18 14:00:06.442 [info] > git config --get commit.template [15ms]
2023-09-18 14:00:06.448 [info] > git for-each-ref --format=%(refname)%00%(upstream:short)%00%(objectname)%00%(upstream:track)%00%(upstream:remotename)%00%(upstream:remoteref) refs/heads/main refs/remotes/main [7ms]
2023-09-18 14:00:06.470 [info] > git status -z -uall [9ms]
2023-09-18 14:00:11.502 [info] > git config --get commit.template [9ms]
2023-09-18 14:00:11.507 [info] > git for-each-ref --format=%(refname)%00%(upstream:short)%00%(objectname)%00%(upstream:track)%00%(upstream:remotename)%00%(upstream:remoteref) refs/heads/main refs/remotes/main [6ms]
2023-09-18 14:00:11.538 [info] > git status -z -uall [23ms]
2023-09-18 14:00:16.593 [info] > git config --get commit.template [8ms]
2023-09-18 14:00:16.596 [info] > git for-each-ref --format=%(refname)%00%(upstream:short)%00%(objectname)%00%(upstream:track)%00%(upstream:remotename)%00%(upstream:remoteref) refs/heads/main refs/remotes/main [2ms]
2023-09-18 14:00:16.617 [info] > git status -z -uall [9ms]
2023-09-18 14:00:22.284 [info] > git config --get commit.template [15ms]
2023-09-18 14:00:22.287 [info] > git for-each-ref --format=%(refname)%00%(upstream:short)%00%(objectname)%00%(upstream:track)%00%(upstream:remotename)%00%(upstream:remoteref) refs/heads/main refs/remotes/main [4ms]
2023-09-18 14:00:22.310 [info] > git status -z -uall [15ms]
2023-09-18 14:00:27.345 [info] > git config --get commit.template [8ms]
2023-09-18 14:00:27.347 [info] > git for-each-ref --format=%(refname)%00%(upstream:short)%00%(objectname)%00%(upstream:track)%00%(upstream:remotename)%00%(upstream:remoteref) refs/heads/main refs/remotes/main [3ms]
2023-09-18 14:00:27.361 [info] > git status -z -uall [4ms]
2023-09-18 14:00:32.437 [info] > git config --get commit.template [46ms]
2023-09-18 14:00:32.470 [info] > git for-each-ref --format=%(refname)%00%(upstream:short)%00%(objectname)%00%(upstream:track)%00%(upstream:remotename)%00%(upstream:remoteref) refs/heads/main refs/remotes/main [33ms]
2023-09-18 14:00:32.484 [info] > git status -z -uall [6ms]
2023-09-18 14:00:37.518 [info] > git config --get commit.template [11ms]
2023-09-18 14:00:37.521 [info] > git for-each-ref --format=%(refname)%00%(upstream:short)%00%(objectname)%00%(upstream:track)%00%(upstream:remotename)%00%(upstream:remoteref) refs/heads/main refs/remotes/main [4ms]
2023-09-18 14:00:37.534 [info] > git status -z -uall [6ms]
2023-09-18 14:00:42.570 [info] > git config --get commit.template [3ms]
2023-09-18 14:00:42.584 [info] > git for-each-ref --format=%(refname)%00%(upstream:short)%00%(objectname)%00%(upstream:track)%00%(upstream:remotename)%00%(upstream:remoteref) refs/heads/main refs/remotes/main [3ms]
2023-09-18 14:00:42.610 [info] > git status -z -uall [19ms]
2023-09-18 14:00:47.669 [info] > git config --get commit.template [8ms]
2023-09-18 14:00:47.672 [info] > git for-each-ref --format=%(refname)%00%(upstream:short)%00%(objectname)%00%(upstream:track)%00%(upstream:remotename)%00%(upstream:remoteref) refs/heads/main refs/remotes/main [4ms]
2023-09-18 14:00:47.686 [info] > git status -z -uall [6ms]
2023-09-18 14:00:52.727 [info] > git config --get commit.template [13ms]
2023-09-18 14:00:52.728 [info] > git for-each-ref --format=%(refname)%00%(upstream:short)%00%(objectname)%00%(upstream:track)%00%(upstream:remotename)%00%(upstream:remoteref) refs/heads/main refs/remotes/main [3ms]
2023-09-18 14:00:52.748 [info] > git status -z -uall [8ms]
2023-09-18 14:00:57.805 [info] > git config --get commit.template [27ms]
2023-09-18 14:00:57.818 [info] > git for-each-ref --format=%(refname)%00%(upstream:short)%00%(objectname)%00%(upstream:track)%00%(upstream:remotename)%00%(upstream:remoteref) refs/heads/main refs/remotes/main [14ms]
2023-09-18 14:00:57.858 [info] > git status -z -uall [24ms]
2023-09-18 14:01:02.916 [info] > git config --get commit.template [11ms]
2023-09-18 14:01:02.920 [info] > git for-each-ref --format=%(refname)%00%(upstream:short)%00%(objectname)%00%(upstream:track)%00%(upstream:remotename)%00%(upstream:remoteref) refs/heads/main refs/remotes/main [3ms]
2023-09-18 14:01:02.936 [info] > git status -z -uall [6ms]
2023-09-18 14:01:07.968 [info] > git config --get commit.template [8ms]
2023-09-18 14:01:07.971 [info] > git for-each-ref --format=%(refname)%00%(upstream:short)%00%(objectname)%00%(upstream:track)%00%(upstream:remotename)%00%(upstream:remoteref) refs/heads/main refs/remotes/main [4ms]
2023-09-18 14:01:07.990 [info] > git status -z -uall [9ms]
2023-09-18 14:01:13.034 [info] > git config --get commit.template [11ms]
2023-09-18 14:01:13.040 [info] > git for-each-ref --format=%(refname)%00%(upstream:short)%00%(objectname)%00%(upstream:track)%00%(upstream:remotename)%00%(upstream:remoteref) refs/heads/main refs/remotes/main [7ms]
2023-09-18 14:01:13.053 [info] > git status -z -uall [6ms]
2023-09-18 14:01:18.167 [info] > git config --get commit.template [22ms]
2023-09-18 14:01:18.170 [info] > git for-each-ref --format=%(refname)%00%(upstream:short)%00%(objectname)%00%(upstream:track)%00%(upstream:remotename)%00%(upstream:remoteref) refs/heads/main refs/remotes/main [4ms]
2023-09-18 14:01:18.193 [info] > git status -z -uall [10ms]
2023-09-18 14:01:23.228 [info] > git config --get commit.template [10ms]
2023-09-18 14:01:23.232 [info] > git for-each-ref --format=%(refname)%00%(upstream:short)%00%(objectname)%00%(upstream:track)%00%(upstream:remotename)%00%(upstream:remoteref) refs/heads/main refs/remotes/main [5ms]
2023-09-18 14:01:23.246 [info] > git status -z -uall [5ms]
2023-09-18 14:01:28.297 [info] > git config --get commit.template [11ms]
2023-09-18 14:01:28.299 [info] > git for-each-ref --format=%(refname)%00%(upstream:short)%00%(objectname)%00%(upstream:track)%00%(upstream:remotename)%00%(upstream:remoteref) refs/heads/main refs/remotes/main [3ms]
2023-09-18 14:01:28.313 [info] > git status -z -uall [5ms]
2023-09-18 14:01:33.383 [info] > git config --get commit.template [10ms]
2023-09-18 14:01:33.386 [info] > git for-each-ref --format=%(refname)%00%(upstream:short)%00%(objectname)%00%(upstream:track)%00%(upstream:remotename)%00%(upstream:remoteref) refs/heads/main refs/remotes/main [4ms]
2023-09-18 14:01:33.405 [info] > git status -z -uall [7ms]
2023-09-18 14:01:38.442 [info] > git config --get commit.template [9ms]
2023-09-18 14:01:38.446 [info] > git for-each-ref --format=%(refname)%00%(upstream:short)%00%(objectname)%00%(upstream:track)%00%(upstream:remotename)%00%(upstream:remoteref) refs/heads/main refs/remotes/main [5ms]
2023-09-18 14:01:38.461 [info] > git status -z -uall [7ms]
2023-09-18 14:01:43.506 [info] > git for-each-ref --format=%(refname)%00%(upstream:short)%00%(objectname)%00%(upstream:track)%00%(upstream:remotename)%00%(upstream:remoteref) refs/heads/main refs/remotes/main [1ms]
2023-09-18 14:01:43.506 [info] > git config --get commit.template [12ms]
2023-09-18 14:01:43.521 [info] > git status -z -uall [5ms]
2023-09-18 14:01:48.801 [info] > git config --get commit.template [14ms]
2023-09-18 14:01:48.808 [info] > git for-each-ref --format=%(refname)%00%(upstream:short)%00%(objectname)%00%(upstream:track)%00%(upstream:remotename)%00%(upstream:remoteref) refs/heads/main refs/remotes/main [7ms]
2023-09-18 14:01:48.830 [info] > git status -z -uall [10ms]
2023-09-18 14:01:53.882 [info] > git config --get commit.template [15ms]
2023-09-18 14:01:53.905 [info] > git for-each-ref --format=%(refname)%00%(upstream:short)%00%(objectname)%00%(upstream:track)%00%(upstream:remotename)%00%(upstream:remoteref) refs/heads/main refs/remotes/main [27ms]
2023-09-18 14:01:53.950 [info] > git status -z -uall [22ms]
2023-09-18 14:01:58.991 [info] > git config --get commit.template [8ms]
2023-09-18 14:01:58.998 [info] > git for-each-ref --format=%(refname)%00%(upstream:short)%00%(objectname)%00%(upstream:track)%00%(upstream:remotename)%00%(upstream:remoteref) refs/heads/main refs/remotes/main [7ms]
2023-09-18 14:01:59.017 [info] > git status -z -uall [8ms]
2023-09-18 14:02:04.440 [info] > git config --get commit.template [8ms]
2023-09-18 14:02:04.444 [info] > git for-each-ref --format=%(refname)%00%(upstream:short)%00%(objectname)%00%(upstream:track)%00%(upstream:remotename)%00%(upstream:remoteref) refs/heads/main refs/remotes/main [5ms]
2023-09-18 14:02:04.456 [info] > git status -z -uall [6ms]
2023-09-18 14:02:10.176 [info] > git config --get commit.template [11ms]
2023-09-18 14:02:10.179 [info] > git for-each-ref --format=%(refname)%00%(upstream:short)%00%(objectname)%00%(upstream:track)%00%(upstream:remotename)%00%(upstream:remoteref) refs/heads/main refs/remotes/main [4ms]
2023-09-18 14:02:10.195 [info] > git status -z -uall [9ms]
2023-09-18 14:02:15.239 [info] > git config --get commit.template [10ms]
2023-09-18 14:02:15.243 [info] > git for-each-ref --format=%(refname)%00%(upstream:short)%00%(objectname)%00%(upstream:track)%00%(upstream:remotename)%00%(upstream:remoteref) refs/heads/main refs/remotes/main [5ms]
2023-09-18 14:02:15.259 [info] > git status -z -uall [7ms]
2023-09-18 14:02:20.297 [info] > git config --get commit.template [10ms]
2023-09-18 14:02:20.301 [info] > git for-each-ref --format=%(refname)%00%(upstream:short)%00%(objectname)%00%(upstream:track)%00%(upstream:remotename)%00%(upstream:remoteref) refs/heads/main refs/remotes/main [6ms]
2023-09-18 14:02:20.319 [info] > git status -z -uall [6ms]
2023-09-18 14:02:25.417 [info] > git config --get commit.template [9ms]
2023-09-18 14:02:25.422 [info] > git for-each-ref --format=%(refname)%00%(upstream:short)%00%(objectname)%00%(upstream:track)%00%(upstream:remotename)%00%(upstream:remoteref) refs/heads/main refs/remotes/main [6ms]
2023-09-18 14:02:25.435 [info] > git status -z -uall [4ms]
2023-09-18 14:02:30.479 [info] > git config --get commit.template [9ms]
2023-09-18 14:02:30.482 [info] > git for-each-ref --format=%(refname)%00%(upstream:short)%00%(objectname)%00%(upstream:track)%00%(upstream:remotename)%00%(upstream:remoteref) refs/heads/main refs/remotes/main [3ms]
2023-09-18 14:02:30.496 [info] > git status -z -uall [5ms]
2023-09-18 14:02:35.526 [info] > git config --get commit.template [7ms]
2023-09-18 14:02:35.531 [info] > git for-each-ref --format=%(refname)%00%(upstream:short)%00%(objectname)%00%(upstream:track)%00%(upstream:remotename)%00%(upstream:remoteref) refs/heads/main refs/remotes/main [5ms]
2023-09-18 14:02:35.543 [info] > git status -z -uall [5ms]
2023-09-18 14:02:40.596 [info] > git config --get commit.template [8ms]
2023-09-18 14:02:40.601 [info] > git for-each-ref --format=%(refname)%00%(upstream:short)%00%(objectname)%00%(upstream:track)%00%(upstream:remotename)%00%(upstream:remoteref) refs/heads/main refs/remotes/main [6ms]
2023-09-18 14:02:40.613 [info] > git status -z -uall [5ms]
2023-09-18 14:02:45.643 [info] > git config --get commit.template [9ms]
2023-09-18 14:02:45.646 [info] > git for-each-ref --format=%(refname)%00%(upstream:short)%00%(objectname)%00%(upstream:track)%00%(upstream:remotename)%00%(upstream:remoteref) refs/heads/main refs/remotes/main [3ms]
2023-09-18 14:02:45.658 [info] > git status -z -uall [5ms]
2023-09-18 14:02:50.699 [info] > git config --get commit.template [8ms]
2023-09-18 14:02:50.705 [info] > git for-each-ref --format=%(refname)%00%(upstream:short)%00%(objectname)%00%(upstream:track)%00%(upstream:remotename)%00%(upstream:remoteref) refs/heads/main refs/remotes/main [6ms]
2023-09-18 14:02:50.718 [info] > git status -z -uall [5ms]
2023-09-18 14:02:55.764 [info] > git config --get commit.template [9ms]
2023-09-18 14:02:55.766 [info] > git for-each-ref --format=%(refname)%00%(upstream:short)%00%(objectname)%00%(upstream:track)%00%(upstream:remotename)%00%(upstream:remoteref) refs/heads/main refs/remotes/main [3ms]
2023-09-18 14:02:55.778 [info] > git status -z -uall [5ms]
2023-09-18 14:03:00.812 [info] > git config --get commit.template [8ms]
2023-09-18 14:03:00.816 [info] > git for-each-ref --format=%(refname)%00%(upstream:short)%00%(objectname)%00%(upstream:track)%00%(upstream:remotename)%00%(upstream:remoteref) refs/heads/main refs/remotes/main [5ms]
2023-09-18 14:03:00.829 [info] > git status -z -uall [5ms]
2023-09-18 14:03:05.866 [info] > git config --get commit.template [8ms]
2023-09-18 14:03:05.869 [info] > git for-each-ref --format=%(refname)%00%(upstream:short)%00%(objectname)%00%(upstream:track)%00%(upstream:remotename)%00%(upstream:remoteref) refs/heads/main refs/remotes/main [3ms]
2023-09-18 14:03:05.880 [info] > git status -z -uall [4ms]
2023-09-18 14:03:11.057 [info] > git config --get commit.template [15ms]
2023-09-18 14:03:11.063 [info] > git for-each-ref --format=%(refname)%00%(upstream:short)%00%(objectname)%00%(upstream:track)%00%(upstream:remotename)%00%(upstream:remoteref) refs/heads/main refs/remotes/main [7ms]
2023-09-18 14:03:11.079 [info] > git status -z -uall [8ms]
2023-09-18 14:03:16.123 [info] > git config --get commit.template [8ms]
2023-09-18 14:03:16.126 [info] > git for-each-ref --format=%(refname)%00%(upstream:short)%00%(objectname)%00%(upstream:track)%00%(upstream:remotename)%00%(upstream:remoteref) refs/heads/main refs/remotes/main [3ms]
2023-09-18 14:03:16.139 [info] > git status -z -uall [4ms]
2023-09-18 14:03:21.170 [info] > git config --get commit.template [7ms]
2023-09-18 14:03:21.176 [info] > git for-each-ref --format=%(refname)%00%(upstream:short)%00%(objectname)%00%(upstream:track)%00%(upstream:remotename)%00%(upstream:remoteref) refs/heads/main refs/remotes/main [6ms]
2023-09-18 14:03:21.188 [info] > git status -z -uall [5ms]
2023-09-18 14:03:26.451 [info] > git config --get commit.template [3ms]
2023-09-18 14:03:26.467 [info] > git for-each-ref --format=%(refname)%00%(upstream:short)%00%(objectname)%00%(upstream:track)%00%(upstream:remotename)%00%(upstream:remoteref) refs/heads/main refs/remotes/main [4ms]
2023-09-18 14:03:26.480 [info] > git status -z -uall [6ms]
2023-09-18 14:03:31.518 [info] > git config --get commit.template [8ms]
2023-09-18 14:03:31.523 [info] > git for-each-ref --format=%(refname)%00%(upstream:short)%00%(objectname)%00%(upstream:track)%00%(upstream:remotename)%00%(upstream:remoteref) refs/heads/main refs/remotes/main [5ms]
2023-09-18 14:03:31.535 [info] > git status -z -uall [5ms]
2023-09-18 14:03:36.567 [info] > git config --get commit.template [9ms]
2023-09-18 14:03:36.569 [info] > git for-each-ref --format=%(refname)%00%(upstream:short)%00%(objectname)%00%(upstream:track)%00%(upstream:remotename)%00%(upstream:remoteref) refs/heads/main refs/remotes/main [3ms]
2023-09-18 14:03:36.583 [info] > git status -z -uall [6ms]
2023-09-18 14:03:41.625 [info] > git config --get commit.template [10ms]
2023-09-18 14:03:41.631 [info] > git for-each-ref --format=%(refname)%00%(upstream:short)%00%(objectname)%00%(upstream:track)%00%(upstream:remotename)%00%(upstream:remoteref) refs/heads/main refs/remotes/main [6ms]
2023-09-18 14:03:41.646 [info] > git status -z -uall [6ms]
2023-09-18 14:03:46.690 [info] > git config --get commit.template [16ms]
2023-09-18 14:03:46.694 [info] > git for-each-ref --format=%(refname)%00%(upstream:short)%00%(objectname)%00%(upstream:track)%00%(upstream:remotename)%00%(upstream:remoteref) refs/heads/main refs/remotes/main [7ms]
2023-09-18 14:03:46.724 [info] > git status -z -uall [9ms]
2023-09-18 14:03:51.767 [info] > git config --get commit.template [14ms]
2023-09-18 14:03:51.779 [info] > git for-each-ref --format=%(refname)%00%(upstream:short)%00%(objectname)%00%(upstream:track)%00%(upstream:remotename)%00%(upstream:remoteref) refs/heads/main refs/remotes/main [10ms]
2023-09-18 14:03:51.808 [info] > git status -z -uall [11ms]
2023-09-18 14:03:56.889 [info] > git config --get commit.template [17ms]
2023-09-18 14:03:56.891 [info] > git for-each-ref --format=%(refname)%00%(upstream:short)%00%(objectname)%00%(upstream:track)%00%(upstream:remotename)%00%(upstream:remoteref) refs/heads/main refs/remotes/main [6ms]
2023-09-18 14:03:56.907 [info] > git status -z -uall [8ms]
2023-09-18 14:04:01.982 [info] > git config --get commit.template [15ms]
2023-09-18 14:04:01.987 [info] > git for-each-ref --format=%(refname)%00%(upstream:short)%00%(objectname)%00%(upstream:track)%00%(upstream:remotename)%00%(upstream:remoteref) refs/heads/main refs/remotes/main [6ms]
2023-09-18 14:04:02.027 [info] > git status -z -uall [29ms]
2023-09-18 14:19:27.645 [info] > git config --get commit.template [45ms]
2023-09-18 14:19:27.651 [info] > git for-each-ref --format=%(refname)%00%(upstream:short)%00%(objectname)%00%(upstream:track)%00%(upstream:remotename)%00%(upstream:remoteref) refs/heads/main refs/remotes/main [19ms]
2023-09-18 14:19:27.709 [info] > git status -z -uall [43ms]
2023-09-18 14:19:32.927 [info] > git config --get commit.template [17ms]
2023-09-18 14:19:32.929 [info] > git for-each-ref --format=%(refname)%00%(upstream:short)%00%(objectname)%00%(upstream:track)%00%(upstream:remotename)%00%(upstream:remoteref) refs/heads/main refs/remotes/main [4ms]
2023-09-18 14:19:32.952 [info] > git status -z -uall [8ms]
2023-09-18 14:19:38.026 [info] > git config --get commit.template [14ms]
2023-09-18 14:19:38.028 [info] > git for-each-ref --format=%(refname)%00%(upstream:short)%00%(objectname)%00%(upstream:track)%00%(upstream:remotename)%00%(upstream:remoteref) refs/heads/main refs/remotes/main [3ms]
2023-09-18 14:19:38.043 [info] > git status -z -uall [5ms]
2023-09-18 14:22:13.495 [info] > git config --get commit.template [22ms]
2023-09-18 14:22:13.511 [info] > git for-each-ref --format=%(refname)%00%(upstream:short)%00%(objectname)%00%(upstream:track)%00%(upstream:remotename)%00%(upstream:remoteref) refs/heads/main refs/remotes/main [18ms]
2023-09-18 14:22:13.634 [info] > git ls-files --stage -- /home/user/webpages_tech/demo_tech_educators/style.css [40ms]
2023-09-18 14:22:13.660 [info] > git ls-files --stage -- /home/user/webpages_tech/demo_tech_educators/index.html [100ms]
2023-09-18 14:22:13.703 [info] > git cat-file -s cf7de2dd84979b0952dc3d765299ee076db98607 [44ms]
2023-09-18 14:22:13.707 [info] > git ls-files --stage -- /home/user/webpages_tech/demo_tech_educators/app.js [74ms]
2023-09-18 14:22:13.739 [info] > git cat-file -s cd07aec9e8940e472762bdd0f3c819e8cc9839a7 [38ms]
2023-09-18 14:22:13.790 [info] > git cat-file -s 7816bc09be0a6a3ea8675a8338125132429aabfb [53ms]
2023-09-18 14:22:13.815 [info] > git status -z -uall [293ms]
2023-09-18 14:22:13.815 [info] > git show --textconv :style.css [26ms]
2023-09-18 14:22:13.815 [info] > git show --textconv :index.html [3ms]
2023-09-18 14:22:14.209 [info] > git show --textconv :app.js [293ms]
2023-09-18 14:22:18.917 [info] > git config --get commit.template [9ms]
2023-09-18 14:22:18.923 [info] > git for-each-ref --format=%(refname)%00%(upstream:short)%00%(objectname)%00%(upstream:track)%00%(upstream:remotename)%00%(upstream:remoteref) refs/heads/main refs/remotes/main [7ms]
2023-09-18 14:22:18.942 [info] > git status -z -uall [9ms]
2023-09-18 14:22:23.984 [info] > git config --get commit.template [8ms]
2023-09-18 14:22:23.988 [info] > git for-each-ref --format=%(refname)%00%(upstream:short)%00%(objectname)%00%(upstream:track)%00%(upstream:remotename)%00%(upstream:remoteref) refs/heads/main refs/remotes/main [5ms]
2023-09-18 14:22:24.006 [info] > git status -z -uall [10ms]
