2023-09-18 15:18:35.584 [info] Log level: Info
2023-09-18 15:18:35.584 [info] Validating found git in: "git"
2023-09-18 15:18:35.584 [info] Using git "2.34.1" from "git"
2023-09-18 15:18:35.585 [info] > git rev-parse --show-toplevel [70ms]
2023-09-18 15:18:35.585 [info] > git rev-parse --git-dir --git-common-dir [10ms]
2023-09-18 15:18:35.585 [info] Open repository: /home/user/webpages_tech/demo_tech_educators
2023-09-18 15:18:35.585 [info] > git config --get commit.template [21ms]
2023-09-18 15:18:35.585 [info] > git rev-parse --show-toplevel [38ms]
2023-09-18 15:18:35.585 [info] > git rev-parse --show-toplevel [23ms]
2023-09-18 15:18:35.585 [info] > git for-each-ref --format=%(refname)%00%(upstream:short)%00%(objectname)%00%(upstream:track)%00%(upstream:remotename)%00%(upstream:remoteref) refs/heads/main refs/remotes/main [69ms]
2023-09-18 15:18:35.762 [info] > git status -z -uall [179ms]
2023-09-18 15:18:35.962 [info] > git config --get commit.template [97ms]
2023-09-18 15:18:36.046 [info] > git for-each-ref --format=%(refname)%00%(upstream:short)%00%(objectname)%00%(upstream:track)%00%(upstream:remotename)%00%(upstream:remoteref) refs/heads/main refs/remotes/main [32ms]
2023-09-18 15:18:36.151 [info] > git status -z -uall [86ms]
2023-09-18 15:18:38.569 [info] > git check-ignore -v -z --stdin [27ms]
2023-09-18 15:18:42.447 [info] > git show --textconv :app.js [126ms]
2023-09-18 15:18:42.449 [info] > git ls-files --stage -- /home/user/webpages_tech/demo_tech_educators/app.js [93ms]
2023-09-18 15:18:42.566 [info] > git cat-file -s 7816bc09be0a6a3ea8675a8338125132429aabfb [43ms]
2023-09-18 15:18:44.289 [info] > git config --get commit.template [5ms]
2023-09-18 15:18:44.313 [info] > git for-each-ref --format=%(refname)%00%(upstream:short)%00%(objectname)%00%(upstream:track)%00%(upstream:remotename)%00%(upstream:remoteref) refs/heads/main refs/remotes/main [5ms]
2023-09-18 15:18:44.363 [info] > git status -z -uall [39ms]
2023-09-18 15:18:50.549 [info] > git config --get commit.template [20ms]
2023-09-18 15:18:50.556 [info] > git for-each-ref --format=%(refname)%00%(upstream:short)%00%(objectname)%00%(upstream:track)%00%(upstream:remotename)%00%(upstream:remoteref) refs/heads/main refs/remotes/main [8ms]
2023-09-18 15:18:50.633 [info] > git status -z -uall [46ms]
2023-09-18 15:18:55.665 [info] > git config --get commit.template [12ms]
2023-09-18 15:18:55.667 [info] > git for-each-ref --format=%(refname)%00%(upstream:short)%00%(objectname)%00%(upstream:track)%00%(upstream:remotename)%00%(upstream:remoteref) refs/heads/main refs/remotes/main [2ms]
2023-09-18 15:18:55.697 [info] > git status -z -uall [19ms]
2023-09-18 15:19:00.735 [info] > git config --get commit.template [9ms]
2023-09-18 15:19:00.749 [info] > git for-each-ref --format=%(refname)%00%(upstream:short)%00%(objectname)%00%(upstream:track)%00%(upstream:remotename)%00%(upstream:remoteref) refs/heads/main refs/remotes/main [4ms]
2023-09-18 15:19:00.773 [info] > git status -z -uall [14ms]
2023-09-18 15:19:05.797 [info] > git config --get commit.template [8ms]
2023-09-18 15:19:05.799 [info] > git for-each-ref --format=%(refname)%00%(upstream:short)%00%(objectname)%00%(upstream:track)%00%(upstream:remotename)%00%(upstream:remoteref) refs/heads/main refs/remotes/main [3ms]
2023-09-18 15:19:05.820 [info] > git status -z -uall [13ms]
2023-09-18 15:19:13.116 [info] > git config --get commit.template [11ms]
2023-09-18 15:19:13.118 [info] > git for-each-ref --format=%(refname)%00%(upstream:short)%00%(objectname)%00%(upstream:track)%00%(upstream:remotename)%00%(upstream:remoteref) refs/heads/main refs/remotes/main [2ms]
2023-09-18 15:19:13.141 [info] > git status -z -uall [13ms]
2023-09-18 15:19:18.177 [info] > git config --get commit.template [8ms]
2023-09-18 15:19:18.179 [info] > git for-each-ref --format=%(refname)%00%(upstream:short)%00%(objectname)%00%(upstream:track)%00%(upstream:remotename)%00%(upstream:remoteref) refs/heads/main refs/remotes/main [3ms]
2023-09-18 15:19:18.204 [info] > git status -z -uall [18ms]
2023-09-18 15:19:28.520 [info] > git config --get commit.template [10ms]
2023-09-18 15:19:28.522 [info] > git for-each-ref --format=%(refname)%00%(upstream:short)%00%(objectname)%00%(upstream:track)%00%(upstream:remotename)%00%(upstream:remoteref) refs/heads/main refs/remotes/main [3ms]
2023-09-18 15:19:28.550 [info] > git status -z -uall [16ms]
2023-09-18 15:19:33.581 [info] > git config --get commit.template [14ms]
2023-09-18 15:19:33.583 [info] > git for-each-ref --format=%(refname)%00%(upstream:short)%00%(objectname)%00%(upstream:track)%00%(upstream:remotename)%00%(upstream:remoteref) refs/heads/main refs/remotes/main [3ms]
2023-09-18 15:19:33.611 [info] > git status -z -uall [16ms]
2023-09-18 15:19:38.636 [info] > git config --get commit.template [9ms]
2023-09-18 15:19:38.638 [info] > git for-each-ref --format=%(refname)%00%(upstream:short)%00%(objectname)%00%(upstream:track)%00%(upstream:remotename)%00%(upstream:remoteref) refs/heads/main refs/remotes/main [3ms]
2023-09-18 15:19:38.692 [info] > git status -z -uall [19ms]
2023-09-18 15:19:46.219 [info] > git ls-files --stage -- /home/user/webpages_tech/demo_tech_educators/index.html [72ms]
2023-09-18 15:19:46.283 [info] > git show --textconv :index.html [148ms]
2023-09-18 15:19:46.289 [info] > git cat-file -s cd07aec9e8940e472762bdd0f3c819e8cc9839a7 [13ms]
2023-09-18 15:19:47.276 [info] > git config --get commit.template [8ms]
2023-09-18 15:19:47.279 [info] > git for-each-ref --format=%(refname)%00%(upstream:short)%00%(objectname)%00%(upstream:track)%00%(upstream:remotename)%00%(upstream:remoteref) refs/heads/main refs/remotes/main [3ms]
2023-09-18 15:19:47.317 [info] > git status -z -uall [28ms]
2023-09-18 15:19:52.339 [info] > git config --get commit.template [8ms]
2023-09-18 15:19:52.341 [info] > git for-each-ref --format=%(refname)%00%(upstream:short)%00%(objectname)%00%(upstream:track)%00%(upstream:remotename)%00%(upstream:remoteref) refs/heads/main refs/remotes/main [3ms]
2023-09-18 15:19:52.361 [info] > git status -z -uall [13ms]
2023-09-18 15:20:00.126 [info] > git config --get commit.template [15ms]
2023-09-18 15:20:00.134 [info] > git for-each-ref --format=%(refname)%00%(upstream:short)%00%(objectname)%00%(upstream:track)%00%(upstream:remotename)%00%(upstream:remoteref) refs/heads/main refs/remotes/main [8ms]
2023-09-18 15:20:00.158 [info] > git status -z -uall [15ms]
2023-09-18 15:20:05.251 [info] > git config --get commit.template [23ms]
2023-09-18 15:20:05.258 [info] > git for-each-ref --format=%(refname)%00%(upstream:short)%00%(objectname)%00%(upstream:track)%00%(upstream:remotename)%00%(upstream:remoteref) refs/heads/main refs/remotes/main [9ms]
2023-09-18 15:20:05.289 [info] > git status -z -uall [23ms]
2023-09-18 15:20:10.325 [info] > git config --get commit.template [25ms]
2023-09-18 15:20:10.327 [info] > git for-each-ref --format=%(refname)%00%(upstream:short)%00%(objectname)%00%(upstream:track)%00%(upstream:remotename)%00%(upstream:remoteref) refs/heads/main refs/remotes/main [3ms]
2023-09-18 15:20:10.349 [info] > git status -z -uall [12ms]
2023-09-18 15:20:23.873 [info] > git config --get commit.template [7ms]
2023-09-18 15:20:23.876 [info] > git for-each-ref --format=%(refname)%00%(upstream:short)%00%(objectname)%00%(upstream:track)%00%(upstream:remotename)%00%(upstream:remoteref) refs/heads/main refs/remotes/main [4ms]
2023-09-18 15:20:23.897 [info] > git status -z -uall [13ms]
2023-09-18 15:20:28.921 [info] > git config --get commit.template [7ms]
2023-09-18 15:20:28.925 [info] > git for-each-ref --format=%(refname)%00%(upstream:short)%00%(objectname)%00%(upstream:track)%00%(upstream:remotename)%00%(upstream:remoteref) refs/heads/main refs/remotes/main [4ms]
2023-09-18 15:20:28.943 [info] > git status -z -uall [11ms]
2023-09-18 15:20:33.972 [info] > git for-each-ref --format=%(refname)%00%(upstream:short)%00%(objectname)%00%(upstream:track)%00%(upstream:remotename)%00%(upstream:remoteref) refs/heads/main refs/remotes/main [3ms]
2023-09-18 15:20:33.973 [info] > git config --get commit.template [18ms]
2023-09-18 15:20:33.990 [info] > git status -z -uall [10ms]
2023-09-18 15:20:39.065 [info] > git config --get commit.template [35ms]
2023-09-18 15:20:39.066 [info] > git for-each-ref --format=%(refname)%00%(upstream:short)%00%(objectname)%00%(upstream:track)%00%(upstream:remotename)%00%(upstream:remoteref) refs/heads/main refs/remotes/main [2ms]
2023-09-18 15:20:39.092 [info] > git status -z -uall [15ms]
2023-09-18 15:20:44.142 [info] > git config --get commit.template [27ms]
2023-09-18 15:20:44.154 [info] > git for-each-ref --format=%(refname)%00%(upstream:short)%00%(objectname)%00%(upstream:track)%00%(upstream:remotename)%00%(upstream:remoteref) refs/heads/main refs/remotes/main [13ms]
2023-09-18 15:20:44.236 [info] > git status -z -uall [45ms]
2023-09-18 15:20:59.169 [info] > git config --get commit.template [28ms]
2023-09-18 15:20:59.182 [info] > git for-each-ref --format=%(refname)%00%(upstream:short)%00%(objectname)%00%(upstream:track)%00%(upstream:remotename)%00%(upstream:remoteref) refs/heads/main refs/remotes/main [15ms]
2023-09-18 15:20:59.209 [info] > git status -z -uall [15ms]
2023-09-18 15:21:30.286 [info] > git config --get commit.template [11ms]
2023-09-18 15:21:30.289 [info] > git for-each-ref --format=%(refname)%00%(upstream:short)%00%(objectname)%00%(upstream:track)%00%(upstream:remotename)%00%(upstream:remoteref) refs/heads/main refs/remotes/main [3ms]
2023-09-18 15:21:30.320 [info] > git status -z -uall [19ms]
2023-09-18 15:21:48.609 [info] > git show --textconv :style.css [51ms]
2023-09-18 15:21:48.629 [info] > git ls-files --stage -- /home/user/webpages_tech/demo_tech_educators/style.css [27ms]
2023-09-18 15:21:48.700 [info] > git cat-file -s cf7de2dd84979b0952dc3d765299ee076db98607 [48ms]
2023-09-18 15:21:50.450 [info] > git config --get commit.template [4ms]
2023-09-18 15:21:50.488 [info] > git for-each-ref --format=%(refname)%00%(upstream:short)%00%(objectname)%00%(upstream:track)%00%(upstream:remotename)%00%(upstream:remoteref) refs/heads/main refs/remotes/main [13ms]
2023-09-18 15:21:50.565 [info] > git status -z -uall [53ms]
2023-09-18 15:22:01.734 [info] > git config --get commit.template [13ms]
2023-09-18 15:22:01.739 [info] > git for-each-ref --format=%(refname)%00%(upstream:short)%00%(objectname)%00%(upstream:track)%00%(upstream:remotename)%00%(upstream:remoteref) refs/heads/main refs/remotes/main [6ms]
2023-09-18 15:22:01.762 [info] > git status -z -uall [14ms]
2023-09-18 15:22:30.555 [info] > git config --get commit.template [17ms]
2023-09-18 15:22:30.558 [info] > git for-each-ref --format=%(refname)%00%(upstream:short)%00%(objectname)%00%(upstream:track)%00%(upstream:remotename)%00%(upstream:remoteref) refs/heads/main refs/remotes/main [3ms]
2023-09-18 15:22:30.582 [info] > git status -z -uall [12ms]
2023-09-18 15:24:04.928 [info] > git config --get commit.template [23ms]
2023-09-18 15:24:04.932 [info] > git for-each-ref --format=%(refname)%00%(upstream:short)%00%(objectname)%00%(upstream:track)%00%(upstream:remotename)%00%(upstream:remoteref) refs/heads/main refs/remotes/main [6ms]
2023-09-18 15:24:04.999 [info] > git status -z -uall [40ms]
2023-09-18 15:24:37.781 [info] > git config --get commit.template [17ms]
2023-09-18 15:24:37.783 [info] > git for-each-ref --format=%(refname)%00%(upstream:short)%00%(objectname)%00%(upstream:track)%00%(upstream:remotename)%00%(upstream:remoteref) refs/heads/main refs/remotes/main [2ms]
2023-09-18 15:24:37.808 [info] > git status -z -uall [11ms]
2023-09-18 15:25:12.524 [info] > git show --textconv :moon.js [33ms]
2023-09-18 15:25:12.549 [info] > git ls-files --stage -- /home/user/webpages_tech/demo_tech_educators/moon.js [26ms]
2023-09-18 15:25:12.690 [info] > git check-ignore -v -z --stdin [13ms]
2023-09-18 15:25:13.321 [info] > git config --get commit.template [4ms]
2023-09-18 15:25:13.351 [info] > git for-each-ref --format=%(refname)%00%(upstream:short)%00%(objectname)%00%(upstream:track)%00%(upstream:remotename)%00%(upstream:remoteref) refs/heads/main refs/remotes/main [14ms]
2023-09-18 15:25:13.391 [info] > git status -z -uall [26ms]
2023-09-18 15:25:25.904 [info] > git config --get commit.template [26ms]
2023-09-18 15:25:25.911 [info] > git for-each-ref --format=%(refname)%00%(upstream:short)%00%(objectname)%00%(upstream:track)%00%(upstream:remotename)%00%(upstream:remoteref) refs/heads/main refs/remotes/main [9ms]
2023-09-18 15:25:25.953 [info] > git status -z -uall [24ms]
2023-09-18 15:27:50.811 [info] > git config --get commit.template [71ms]
2023-09-18 15:27:50.823 [info] > git for-each-ref --format=%(refname)%00%(upstream:short)%00%(objectname)%00%(upstream:track)%00%(upstream:remotename)%00%(upstream:remoteref) refs/heads/main refs/remotes/main [13ms]
2023-09-18 15:27:50.921 [info] > git status -z -uall [72ms]
2023-09-18 15:27:58.399 [info] > git config --get commit.template [30ms]
2023-09-18 15:27:58.408 [info] > git for-each-ref --format=%(refname)%00%(upstream:short)%00%(objectname)%00%(upstream:track)%00%(upstream:remotename)%00%(upstream:remoteref) refs/heads/main refs/remotes/main [13ms]
2023-09-18 15:27:58.462 [info] > git status -z -uall [39ms]
2023-09-18 15:28:03.491 [info] > git config --get commit.template [10ms]
2023-09-18 15:28:03.495 [info] > git for-each-ref --format=%(refname)%00%(upstream:short)%00%(objectname)%00%(upstream:track)%00%(upstream:remotename)%00%(upstream:remoteref) refs/heads/main refs/remotes/main [5ms]
2023-09-18 15:28:03.515 [info] > git status -z -uall [13ms]
2023-09-18 15:28:08.602 [info] > git config --get commit.template [29ms]
2023-09-18 15:28:08.635 [info] > git for-each-ref --format=%(refname)%00%(upstream:short)%00%(objectname)%00%(upstream:track)%00%(upstream:remotename)%00%(upstream:remoteref) refs/heads/main refs/remotes/main [10ms]
2023-09-18 15:28:08.715 [info] > git status -z -uall [55ms]
2023-09-18 15:28:14.075 [info] > git config --get commit.template [12ms]
2023-09-18 15:28:14.079 [info] > git for-each-ref --format=%(refname)%00%(upstream:short)%00%(objectname)%00%(upstream:track)%00%(upstream:remotename)%00%(upstream:remoteref) refs/heads/main refs/remotes/main [4ms]
2023-09-18 15:28:14.100 [info] > git status -z -uall [11ms]
2023-09-18 15:28:19.263 [info] > git config --get commit.template [56ms]
2023-09-18 15:28:19.306 [info] > git for-each-ref --format=%(refname)%00%(upstream:short)%00%(objectname)%00%(upstream:track)%00%(upstream:remotename)%00%(upstream:remoteref) refs/heads/main refs/remotes/main [49ms]
2023-09-18 15:28:19.507 [info] > git status -z -uall [136ms]
2023-09-18 15:28:24.579 [info] > git config --get commit.template [22ms]
2023-09-18 15:28:24.590 [info] > git for-each-ref --format=%(refname)%00%(upstream:short)%00%(objectname)%00%(upstream:track)%00%(upstream:remotename)%00%(upstream:remoteref) refs/heads/main refs/remotes/main [12ms]
2023-09-18 15:28:24.639 [info] > git status -z -uall [25ms]
2023-09-18 15:28:30.384 [info] > git config --get commit.template [30ms]
2023-09-18 15:28:30.390 [info] > git for-each-ref --format=%(refname)%00%(upstream:short)%00%(objectname)%00%(upstream:track)%00%(upstream:remotename)%00%(upstream:remoteref) refs/heads/main refs/remotes/main [7ms]
2023-09-18 15:28:30.427 [info] > git status -z -uall [25ms]
2023-09-18 15:28:35.491 [info] > git config --get commit.template [35ms]
2023-09-18 15:28:35.500 [info] > git for-each-ref --format=%(refname)%00%(upstream:short)%00%(objectname)%00%(upstream:track)%00%(upstream:remotename)%00%(upstream:remoteref) refs/heads/main refs/remotes/main [10ms]
2023-09-18 15:28:35.537 [info] > git status -z -uall [23ms]
2023-09-18 15:28:59.951 [info] > git config --get commit.template [13ms]
2023-09-18 15:28:59.956 [info] > git for-each-ref --format=%(refname)%00%(upstream:short)%00%(objectname)%00%(upstream:track)%00%(upstream:remotename)%00%(upstream:remoteref) refs/heads/main refs/remotes/main [6ms]
2023-09-18 15:28:59.983 [info] > git status -z -uall [17ms]
2023-09-18 15:29:05.066 [info] > git config --get commit.template [12ms]
2023-09-18 15:29:05.069 [info] > git for-each-ref --format=%(refname)%00%(upstream:short)%00%(objectname)%00%(upstream:track)%00%(upstream:remotename)%00%(upstream:remoteref) refs/heads/main refs/remotes/main [4ms]
2023-09-18 15:29:05.090 [info] > git status -z -uall [12ms]
2023-09-18 15:29:10.173 [info] > git config --get commit.template [56ms]
2023-09-18 15:29:10.185 [info] > git for-each-ref --format=%(refname)%00%(upstream:short)%00%(objectname)%00%(upstream:track)%00%(upstream:remotename)%00%(upstream:remoteref) refs/heads/main refs/remotes/main [15ms]
2023-09-18 15:29:10.214 [info] > git status -z -uall [15ms]
2023-09-18 15:29:15.237 [info] > git config --get commit.template [10ms]
2023-09-18 15:29:15.240 [info] > git for-each-ref --format=%(refname)%00%(upstream:short)%00%(objectname)%00%(upstream:track)%00%(upstream:remotename)%00%(upstream:remoteref) refs/heads/main refs/remotes/main [4ms]
2023-09-18 15:29:15.262 [info] > git status -z -uall [13ms]
2023-09-18 15:29:20.339 [info] > git config --get commit.template [19ms]
2023-09-18 15:29:20.349 [info] > git for-each-ref --format=%(refname)%00%(upstream:short)%00%(objectname)%00%(upstream:track)%00%(upstream:remotename)%00%(upstream:remoteref) refs/heads/main refs/remotes/main [11ms]
2023-09-18 15:29:20.388 [info] > git status -z -uall [29ms]
2023-09-18 15:29:34.583 [info] > git config --get commit.template [29ms]
2023-09-18 15:29:34.586 [info] > git for-each-ref --format=%(refname)%00%(upstream:short)%00%(objectname)%00%(upstream:track)%00%(upstream:remotename)%00%(upstream:remoteref) refs/heads/main refs/remotes/main [4ms]
2023-09-18 15:29:34.627 [info] > git status -z -uall [19ms]
2023-09-18 15:29:39.651 [info] > git config --get commit.template [10ms]
2023-09-18 15:29:39.654 [info] > git for-each-ref --format=%(refname)%00%(upstream:short)%00%(objectname)%00%(upstream:track)%00%(upstream:remotename)%00%(upstream:remoteref) refs/heads/main refs/remotes/main [4ms]
2023-09-18 15:29:39.677 [info] > git status -z -uall [15ms]
2023-09-18 15:30:51.095 [info] > git config --get commit.template [21ms]
2023-09-18 15:30:51.126 [info] > git for-each-ref --format=%(refname)%00%(upstream:short)%00%(objectname)%00%(upstream:track)%00%(upstream:remotename)%00%(upstream:remoteref) refs/heads/main refs/remotes/main [32ms]
2023-09-18 15:30:51.198 [info] > git status -z -uall [36ms]
2023-09-18 15:30:56.274 [info] > git config --get commit.template [38ms]
2023-09-18 15:30:56.287 [info] > git for-each-ref --format=%(refname)%00%(upstream:short)%00%(objectname)%00%(upstream:track)%00%(upstream:remotename)%00%(upstream:remoteref) refs/heads/main refs/remotes/main [14ms]
2023-09-18 15:30:56.332 [info] > git status -z -uall [23ms]
2023-09-18 15:31:13.514 [info] > git for-each-ref --format=%(refname)%00%(upstream:short)%00%(objectname)%00%(upstream:track)%00%(upstream:remotename)%00%(upstream:remoteref) refs/heads/main refs/remotes/main [1ms]
2023-09-18 15:31:13.514 [info] > git config --get commit.template [17ms]
2023-09-18 15:31:13.537 [info] > git status -z -uall [14ms]
2023-09-18 15:31:44.812 [info] > git config --get commit.template [45ms]
2023-09-18 15:31:44.815 [info] > git for-each-ref --format=%(refname)%00%(upstream:short)%00%(objectname)%00%(upstream:track)%00%(upstream:remotename)%00%(upstream:remoteref) refs/heads/main refs/remotes/main [4ms]
2023-09-18 15:31:44.870 [info] > git status -z -uall [40ms]
2023-09-18 15:31:49.959 [info] > git config --get commit.template [49ms]
2023-09-18 15:31:49.963 [info] > git for-each-ref --format=%(refname)%00%(upstream:short)%00%(objectname)%00%(upstream:track)%00%(upstream:remotename)%00%(upstream:remoteref) refs/heads/main refs/remotes/main [19ms]
2023-09-18 15:31:50.029 [info] > git status -z -uall [27ms]
2023-09-18 15:31:55.093 [info] > git config --get commit.template [37ms]
2023-09-18 15:31:55.096 [info] > git for-each-ref --format=%(refname)%00%(upstream:short)%00%(objectname)%00%(upstream:track)%00%(upstream:remotename)%00%(upstream:remoteref) refs/heads/main refs/remotes/main [5ms]
2023-09-18 15:31:55.134 [info] > git status -z -uall [18ms]
2023-09-18 15:32:00.162 [info] > git config --get commit.template [14ms]
2023-09-18 15:32:00.167 [info] > git for-each-ref --format=%(refname)%00%(upstream:short)%00%(objectname)%00%(upstream:track)%00%(upstream:remotename)%00%(upstream:remoteref) refs/heads/main refs/remotes/main [6ms]
2023-09-18 15:32:00.194 [info] > git status -z -uall [15ms]
2023-09-18 15:32:33.652 [info] > git for-each-ref --format=%(refname)%00%(upstream:short)%00%(objectname)%00%(upstream:track)%00%(upstream:remotename)%00%(upstream:remoteref) refs/heads/main refs/remotes/main [11ms]
2023-09-18 15:32:33.662 [info] > git config --get commit.template [49ms]
2023-09-18 15:32:33.698 [info] > git status -z -uall [19ms]
2023-09-18 15:32:38.741 [info] > git config --get commit.template [23ms]
2023-09-18 15:32:38.750 [info] > git for-each-ref --format=%(refname)%00%(upstream:short)%00%(objectname)%00%(upstream:track)%00%(upstream:remotename)%00%(upstream:remoteref) refs/heads/main refs/remotes/main [10ms]
2023-09-18 15:32:38.791 [info] > git status -z -uall [22ms]
