2023-09-18 09:13:41.235 [info] Reading sessions from keychain...
2023-09-18 09:13:41.235 [info] Getting sessions for all scopes...
2023-09-18 09:13:41.235 [info] Getting sessions for all scopes...
2023-09-18 09:13:41.235 [info] Got 0 sessions for ...
2023-09-18 09:13:41.235 [info] Got 0 sessions for ...
2023-09-18 09:13:41.241 [info] Getting sessions for user:email...
2023-09-18 09:13:41.241 [info] Got 0 sessions for user:email...
2023-09-18 09:13:43.508 [info] Getting sessions for all scopes...
2023-09-18 09:13:43.508 [info] Got 0 sessions for ...
2023-09-18 09:15:00.587 [info] Reading sessions from keychain...
2023-09-18 09:15:00.587 [info] Getting sessions for all scopes...
2023-09-18 09:15:00.607 [info] Getting sessions for user:email...
2023-09-18 09:15:00.975 [info] Got 0 sessions for ...
2023-09-18 09:15:00.976 [info] Got 0 sessions for user:email...
2023-09-18 09:15:01.123 [info] Getting sessions for all scopes...
2023-09-18 09:15:01.124 [info] Got 0 sessions for ...
2023-09-18 09:15:01.219 [info] Getting sessions for all scopes...
2023-09-18 09:15:01.219 [info] Got 0 sessions for ...
2023-09-18 09:15:04.084 [info] Getting sessions for read:user,repo,user:email,workflow...
2023-09-18 09:15:04.085 [info] Got 0 sessions for read:user,repo,user:email,workflow...
