2023-09-18 09:13:35.099 [info] Added views:workbench.panel.markers.view in workbench.panel.markers
2023-09-18 09:13:35.099 [info] Added views:workbench.panel.output in workbench.panel.output
2023-09-18 09:13:35.099 [info] Added views:terminal in terminal
2023-09-18 09:13:35.099 [info] Added views:outline in workbench.view.explorer
2023-09-18 09:13:35.099 [info] Added views:workbench.scm in workbench.view.scm
2023-09-18 09:13:35.099 [info] Added views:workbench.view.search in workbench.view.search
2023-09-18 09:13:35.099 [info] Added views:timeline in workbench.view.explorer
2023-09-18 09:13:35.099 [info] Added views:workbench.explorer.emptyView in workbench.view.explorer
2023-09-18 09:13:36.154 [info] Added views:workbench.debug.variablesView,workbench.debug.watchExpressionsView,workbench.debug.callStackView,workbench.debug.breakPointsView in workbench.view.debug
2023-09-18 09:13:38.890 [info] Added views:vscode-edge-devtools-view.targets,vscode-edge-devtools-view.help-links in workbench.view.extension.vscode-edge-devtools-view
2023-09-18 09:13:38.940 [info] Added views:~remote.forwardedPorts in ~remote.forwardedPortsContainer
2023-09-18 09:13:39.079 [info] Added views:workbench.panel.repl.view in workbench.panel.repl
2023-09-18 09:13:39.079 [info] Removed views:workbench.debug.breakPointsView,workbench.debug.callStackView,workbench.debug.watchExpressionsView,workbench.debug.variablesView from workbench.view.debug
2023-09-18 09:13:39.079 [info] Added views:workbench.debug.welcome in workbench.view.debug
2023-09-18 09:14:55.104 [info] Added views:workbench.panel.markers.view in workbench.panel.markers
2023-09-18 09:14:55.104 [info] Added views:workbench.panel.output in workbench.panel.output
2023-09-18 09:14:55.104 [info] Added views:terminal in terminal
2023-09-18 09:14:55.104 [info] Added views:outline in workbench.view.explorer
2023-09-18 09:14:55.104 [info] Added views:workbench.scm in workbench.view.scm
2023-09-18 09:14:55.104 [info] Added views:workbench.view.search in workbench.view.search
2023-09-18 09:14:55.104 [info] Added views:timeline in workbench.view.explorer
2023-09-18 09:14:55.104 [info] Added views:workbench.explorer.fileView in workbench.view.explorer
2023-09-18 09:14:55.864 [info] Added views:vscode-edge-devtools-view.targets,vscode-edge-devtools-view.help-links in workbench.view.extension.vscode-edge-devtools-view
2023-09-18 09:14:56.832 [info] Added views:workbench.debug.variablesView,workbench.debug.watchExpressionsView,workbench.debug.callStackView,workbench.debug.breakPointsView in workbench.view.debug
2023-09-18 09:14:57.005 [info] Added views:workbench.panel.repl.view in workbench.panel.repl
2023-09-18 09:14:57.015 [info] Removed views:workbench.debug.breakPointsView,workbench.debug.callStackView,workbench.debug.watchExpressionsView,workbench.debug.variablesView from workbench.view.debug
2023-09-18 09:14:57.017 [info] Added views:workbench.debug.welcome in workbench.view.debug
2023-09-18 09:14:57.318 [info] Added views:~remote.forwardedPorts in ~remote.forwardedPortsContainer
2023-09-18 10:14:31.259 [info] Added views:workbench.views.extensions.installed,workbench.views.extensions.popular,extensions.recommendedList in workbench.view.extensions
2023-09-18 10:14:31.263 [info] Removed views:workbench.views.extensions.popular from workbench.view.extensions
2023-09-18 10:19:11.720 [info] Removed views:extensions.recommendedList,workbench.views.extensions.installed from workbench.view.extensions
2023-09-18 10:19:11.750 [info] Added views:workbench.views.extensions.marketplace in workbench.view.extensions
2023-09-18 10:27:05.327 [info] Removed views:workbench.views.extensions.marketplace from workbench.view.extensions
2023-09-18 10:27:05.376 [info] Added views:workbench.views.extensions.installed,extensions.recommendedList in workbench.view.extensions
2023-09-18 10:29:46.979 [info] Removed views:extensions.recommendedList,workbench.views.extensions.installed from workbench.view.extensions
2023-09-18 10:29:47.007 [info] Added views:workbench.views.extensions.marketplace in workbench.view.extensions
2023-09-18 10:30:12.914 [info] Removed views:workbench.views.extensions.marketplace from workbench.view.extensions
2023-09-18 10:30:12.956 [info] Added views:workbench.views.extensions.installed,extensions.recommendedList in workbench.view.extensions
2023-09-18 10:30:15.905 [info] Removed views:extensions.recommendedList,workbench.views.extensions.installed from workbench.view.extensions
2023-09-18 10:30:15.963 [info] Added views:workbench.views.extensions.marketplace in workbench.view.extensions
